<?xml version="1.0" encoding="UTF-8"?>
<!-- Generated by org.testng.reporters.JUnitReportReporter -->
<testsuite hostname="Namratas-MacBook-Air.local" name="Scenario_Component.Scenario_Cart" tests="1" failures="0" timestamp="15 Jun 2017 15:44:08 GMT" time="25.806" errors="0">
  <testcase name="testAddCart" time="25.806" classname="Scenario_Component.Scenario_Cart"/>
</testsuite> <!-- Scenario_Component.Scenario_Cart -->
